{
  "stats": {
    "suites": 1,
    "tests": 2,
    "passes": 2,
    "pending": 0,
    "failures": 0,
    "start": "2024-03-05T22:43:23.839Z",
    "end": "2024-03-05T22:43:27.645Z",
    "duration": 3806,
    "testsRegistered": 2,
    "passPercent": 100,
    "pendingPercent": 0,
    "other": 0,
    "hasOther": false,
    "skipped": 0,
    "hasSkipped": false
  },
  "results": [
    {
      "uuid": "1c8d5c49-20e4-4fb6-a2c1-affb5a8b58e1",
      "title": "",
      "fullFile": "cypress/e2e/register.cy.js",
      "file": "cypress/e2e/register.cy.js",
      "beforeHooks": [],
      "afterHooks": [],
      "tests": [],
      "suites": [
        {
          "uuid": "49575414-78b2-4766-a309-c38590bc8560",
          "title": "Página de cadastro",
          "fullFile": "",
          "file": "",
          "beforeHooks": [],
          "afterHooks": [],
          "tests": [
            {
              "title": "Preencher os campos do formulário corretamente para cadastrar um novo usuário",
              "fullTitle": "Página de cadastro Preencher os campos do formulário corretamente para cadastrar um novo usuário",
              "timedOut": null,
              "duration": 2156,
              "state": "passed",
              "speed": "fast",
              "pass": true,
              "fail": false,
              "pending": false,
              "context": null,
              "code": "cy.contains(\"a\", \"Register now\").click();\ncy.get('[data-test=\"email\"]').type(\"milena@gmail.com.br\");\ncy.get('[data-test=\"fullName\"]').type(\"Milena Carneiro Rios\");\ncy.get('[data-test=\"registerUserName\"]').type(\"kamskmkamskamskmaskmas\");\ncy.get('[data-test=\"registerPassword\"]').type(\"123abc123\");\ncy.get('[data-test=\"btnRegister\"]').click();",
              "err": {},
              "uuid": "abdbf4c8-5ef3-4119-a288-19784787a45d",
              "parentUUID": "49575414-78b2-4766-a309-c38590bc8560",
              "isHook": false,
              "skipped": false
            },
            {
              "title": "Preencher os campos do formulário de forma incorreta",
              "fullTitle": "Página de cadastro Preencher os campos do formulário de forma incorreta",
              "timedOut": null,
              "duration": 586,
              "state": "passed",
              "speed": "fast",
              "pass": true,
              "fail": false,
              "pending": false,
              "context": null,
              "code": "cy.contains(\"a\", \"Register now\").click();\ncy.get('[data-test=\"btnRegister\"]').click();\ncy.get('[data-test=\"btnRegister\"]').click();\ncy.contains(\"Email is required!\").should(\"be.visible\");\ncy.contains(\"Full name is required!\").should(\"be.visible\");\ncy.contains(\"User name is required!\").should(\"be.visible\");\ncy.contains(\"Password is required!\").should(\"be.visible\");",
              "err": {},
              "uuid": "d2c59677-5770-43b1-b282-f644571a29e3",
              "parentUUID": "49575414-78b2-4766-a309-c38590bc8560",
              "isHook": false,
              "skipped": false
            }
          ],
          "suites": [],
          "passes": [
            "abdbf4c8-5ef3-4119-a288-19784787a45d",
            "d2c59677-5770-43b1-b282-f644571a29e3"
          ],
          "failures": [],
          "pending": [],
          "skipped": [],
          "duration": 2742,
          "root": false,
          "rootEmpty": false,
          "_timeout": 2000
        }
      ],
      "passes": [],
      "failures": [],
      "pending": [],
      "skipped": [],
      "duration": 0,
      "root": true,
      "rootEmpty": true,
      "_timeout": 2000
    }
  ],
  "meta": {
    "mocha": {
      "version": "7.0.1"
    },
    "mochawesome": {
      "options": {
        "quiet": false,
        "reportFilename": "mochawesome",
        "saveHtml": true,
        "saveJson": true,
        "consoleReporter": "spec",
        "useInlineDiffs": false,
        "code": true
      },
      "version": "7.1.3"
    },
    "marge": {
      "options": null,
      "version": "6.2.0"
    }
  }
}